10:56:48.529 245  [main] INFO  o.s.t.c.w.WebTestContextBootstrapper
				- Loaded default TestExecutionListener class names from location [META-INF/spring.factories]: [org.springframework.test.context.web.ServletTestExecutionListener, org.springframework.test.context.support.DirtiesContextBeforeModesTestExecutionListener, org.springframework.test.context.support.DependencyInjectionTestExecutionListener, org.springframework.test.context.support.DirtiesContextTestExecutionListener, org.springframework.test.context.transaction.TransactionalTestExecutionListener, org.springframework.test.context.jdbc.SqlScriptsTestExecutionListener]
10:56:48.547 263  [main] INFO  o.s.t.c.w.WebTestContextBootstrapper
				- Using TestExecutionListeners: [org.springframework.test.context.web.ServletTestExecutionListener@2f0a87b3, org.springframework.test.context.support.DirtiesContextBeforeModesTestExecutionListener@319b92f3, org.springframework.test.context.support.DependencyInjectionTestExecutionListener@fcd6521, org.springframework.test.context.support.DirtiesContextTestExecutionListener@27d415d9, org.springframework.test.context.transaction.TransactionalTestExecutionListener@5c18298f, org.springframework.test.context.jdbc.SqlScriptsTestExecutionListener@31f924f5]
10:57:29.474 234  [main] INFO  o.s.t.c.w.WebTestContextBootstrapper
				- Loaded default TestExecutionListener class names from location [META-INF/spring.factories]: [org.springframework.test.context.web.ServletTestExecutionListener, org.springframework.test.context.support.DirtiesContextBeforeModesTestExecutionListener, org.springframework.test.context.support.DependencyInjectionTestExecutionListener, org.springframework.test.context.support.DirtiesContextTestExecutionListener, org.springframework.test.context.transaction.TransactionalTestExecutionListener, org.springframework.test.context.jdbc.SqlScriptsTestExecutionListener]
10:57:29.485 245  [main] INFO  o.s.t.c.w.WebTestContextBootstrapper
				- Using TestExecutionListeners: [org.springframework.test.context.web.ServletTestExecutionListener@2f0a87b3, org.springframework.test.context.support.DirtiesContextBeforeModesTestExecutionListener@319b92f3, org.springframework.test.context.support.DependencyInjectionTestExecutionListener@fcd6521, org.springframework.test.context.support.DirtiesContextTestExecutionListener@27d415d9, org.springframework.test.context.transaction.TransactionalTestExecutionListener@5c18298f, org.springframework.test.context.jdbc.SqlScriptsTestExecutionListener@31f924f5]
10:58:30.872 227  [main] INFO  o.s.t.c.w.WebTestContextBootstrapper
				- Loaded default TestExecutionListener class names from location [META-INF/spring.factories]: [org.springframework.test.context.web.ServletTestExecutionListener, org.springframework.test.context.support.DirtiesContextBeforeModesTestExecutionListener, org.springframework.test.context.support.DependencyInjectionTestExecutionListener, org.springframework.test.context.support.DirtiesContextTestExecutionListener, org.springframework.test.context.transaction.TransactionalTestExecutionListener, org.springframework.test.context.jdbc.SqlScriptsTestExecutionListener]
10:58:30.884 239  [main] INFO  o.s.t.c.w.WebTestContextBootstrapper
				- Using TestExecutionListeners: [org.springframework.test.context.web.ServletTestExecutionListener@2f0a87b3, org.springframework.test.context.support.DirtiesContextBeforeModesTestExecutionListener@319b92f3, org.springframework.test.context.support.DependencyInjectionTestExecutionListener@fcd6521, org.springframework.test.context.support.DirtiesContextTestExecutionListener@27d415d9, org.springframework.test.context.transaction.TransactionalTestExecutionListener@5c18298f, org.springframework.test.context.jdbc.SqlScriptsTestExecutionListener@31f924f5]
10:58:56.060 225  [main] INFO  o.s.t.c.w.WebTestContextBootstrapper
				- Loaded default TestExecutionListener class names from location [META-INF/spring.factories]: [org.springframework.test.context.web.ServletTestExecutionListener, org.springframework.test.context.support.DirtiesContextBeforeModesTestExecutionListener, org.springframework.test.context.support.DependencyInjectionTestExecutionListener, org.springframework.test.context.support.DirtiesContextTestExecutionListener, org.springframework.test.context.transaction.TransactionalTestExecutionListener, org.springframework.test.context.jdbc.SqlScriptsTestExecutionListener]
10:58:56.071 236  [main] INFO  o.s.t.c.w.WebTestContextBootstrapper
				- Using TestExecutionListeners: [org.springframework.test.context.web.ServletTestExecutionListener@2f0a87b3, org.springframework.test.context.support.DirtiesContextBeforeModesTestExecutionListener@319b92f3, org.springframework.test.context.support.DependencyInjectionTestExecutionListener@fcd6521, org.springframework.test.context.support.DirtiesContextTestExecutionListener@27d415d9, org.springframework.test.context.transaction.TransactionalTestExecutionListener@5c18298f, org.springframework.test.context.jdbc.SqlScriptsTestExecutionListener@31f924f5]
10:59:01.938 226  [main] INFO  o.s.t.c.w.WebTestContextBootstrapper
				- Loaded default TestExecutionListener class names from location [META-INF/spring.factories]: [org.springframework.test.context.web.ServletTestExecutionListener, org.springframework.test.context.support.DirtiesContextBeforeModesTestExecutionListener, org.springframework.test.context.support.DependencyInjectionTestExecutionListener, org.springframework.test.context.support.DirtiesContextTestExecutionListener, org.springframework.test.context.transaction.TransactionalTestExecutionListener, org.springframework.test.context.jdbc.SqlScriptsTestExecutionListener]
10:59:01.950 238  [main] INFO  o.s.t.c.w.WebTestContextBootstrapper
				- Using TestExecutionListeners: [org.springframework.test.context.web.ServletTestExecutionListener@2f0a87b3, org.springframework.test.context.support.DirtiesContextBeforeModesTestExecutionListener@319b92f3, org.springframework.test.context.support.DependencyInjectionTestExecutionListener@fcd6521, org.springframework.test.context.support.DirtiesContextTestExecutionListener@27d415d9, org.springframework.test.context.transaction.TransactionalTestExecutionListener@5c18298f, org.springframework.test.context.jdbc.SqlScriptsTestExecutionListener@31f924f5]
10:59:02.030 318  [main] INFO  o.s.w.c.s.GenericWebApplicationContext
				- Refreshing org.springframework.web.context.support.GenericWebApplicationContext@76a4d6c: startup date [Wed May 23 10:59:02 CEST 2018]; root of context hierarchy
10:59:02.483 771  [main] INFO  o.s.j.d.DriverManagerDataSource
				- Loaded JDBC driver: com.mysql.jdbc.Driver
10:59:02.533 821  [main] INFO  o.s.o.j.LocalContainerEntityManagerFactoryBean
				- Building JPA container EntityManagerFactory for persistence unit 'default'
10:59:02.620 908  [main] INFO  o.h.annotations.common.Version
				- HCANN000001: Hibernate Commons Annotations {4.0.1.Final}
10:59:02.623 911  [main] INFO  org.hibernate.Version
				- HHH000412: Hibernate Core {4.2.1.Final}
10:59:02.624 912  [main] INFO  org.hibernate.cfg.Environment
				- HHH000206: hibernate.properties not found
10:59:02.625 913  [main] INFO  org.hibernate.cfg.Environment
				- HHH000021: Bytecode provider name : javassist
10:59:02.638 926  [main] INFO  org.hibernate.ejb.Ejb3Configuration
				- HHH000204: Processing PersistenceUnitInfo [
	name: default
	...]
10:59:02.855 1143 [main] INFO  o.h.s.j.c.i.ConnectionProviderInitiator
				- HHH000130: Instantiating explicit connection provider: org.hibernate.ejb.connection.InjectedDataSourceConnectionProvider
10:59:03.067 1355 [main] INFO  org.hibernate.dialect.Dialect
				- HHH000400: Using dialect: org.hibernate.dialect.MySQL5Dialect
10:59:03.073 1361 [main] INFO  o.h.e.j.internal.LobCreatorBuilder
				- HHH000423: Disabling contextual LOB creation as JDBC driver reported JDBC version [3] less than 4
10:59:03.081 1369 [main] INFO  o.h.e.t.i.TransactionFactoryInitiator
				- HHH000268: Transaction strategy: org.hibernate.engine.transaction.internal.jdbc.JdbcTransactionFactory
10:59:03.085 1373 [main] INFO  o.h.h.i.a.ASTQueryTranslatorFactory
				- HHH000397: Using ASTQueryTranslatorFactory
10:59:03.244 1532 [main] INFO  o.h.tool.hbm2ddl.SchemaUpdate
				- HHH000228: Running hbm2ddl schema update
10:59:03.244 1532 [main] INFO  o.h.tool.hbm2ddl.SchemaUpdate
				- HHH000102: Fetching database metadata
10:59:03.254 1542 [main] INFO  o.h.tool.hbm2ddl.SchemaUpdate
				- HHH000396: Updating schema
10:59:03.269 1557 [main] INFO  o.h.tool.hbm2ddl.TableMetadata
				- HHH000261: Table found: testProxibanque4.agence
10:59:03.269 1557 [main] INFO  o.h.tool.hbm2ddl.TableMetadata
				- HHH000037: Columns: [idagence, gerant_id, datecreation]
10:59:03.269 1557 [main] INFO  o.h.tool.hbm2ddl.TableMetadata
				- HHH000108: Foreign keys: [fk_988596ca501440c08618c9f69e6]
10:59:03.269 1557 [main] INFO  o.h.tool.hbm2ddl.TableMetadata
				- HHH000126: Indexes: [fk_988596ca501440c08618c9f69e6, primary]
10:59:03.274 1562 [main] INFO  o.h.tool.hbm2ddl.TableMetadata
				- HHH000261: Table found: testProxibanque4.client
10:59:03.274 1562 [main] INFO  o.h.tool.hbm2ddl.TableMetadata
				- HHH000037: Columns: [ville, rue, numero, conseiller_id, telephone, id, compteepargne_numcompte, comptecourant_numcompte]
10:59:03.274 1562 [main] INFO  o.h.tool.hbm2ddl.TableMetadata
				- HHH000108: Foreign keys: [fk_2fa0217a0f974e8bad365ff5458, fk_9ce65085b9fc469e87a9edf7c3c, fk_820ba187276346a0a237d797e2e, fk_33df6437300149aaba5d3dcfb34]
10:59:03.275 1563 [main] INFO  o.h.tool.hbm2ddl.TableMetadata
				- HHH000126: Indexes: [fk_2fa0217a0f974e8bad365ff5458, fk_9ce65085b9fc469e87a9edf7c3c, fk_820ba187276346a0a237d797e2e, primary, fk_33df6437300149aaba5d3dcfb34]
10:59:03.281 1569 [main] INFO  o.h.tool.hbm2ddl.TableMetadata
				- HHH000261: Table found: testProxibanque4.compte
10:59:03.282 1570 [main] INFO  o.h.tool.hbm2ddl.TableMetadata
				- HHH000037: Columns: [numcompte, dateouverture, solde]
10:59:03.282 1570 [main] INFO  o.h.tool.hbm2ddl.TableMetadata
				- HHH000108: Foreign keys: []
10:59:03.282 1570 [main] INFO  o.h.tool.hbm2ddl.TableMetadata
				- HHH000126: Indexes: [primary]
10:59:03.287 1575 [main] INFO  o.h.tool.hbm2ddl.TableMetadata
				- HHH000261: Table found: testProxibanque4.comptecourant
10:59:03.287 1575 [main] INFO  o.h.tool.hbm2ddl.TableMetadata
				- HHH000037: Columns: [cartevisa, decouvertautorise, numcompte]
10:59:03.287 1575 [main] INFO  o.h.tool.hbm2ddl.TableMetadata
				- HHH000108: Foreign keys: [fk_f8fa062ad345491ab0708b4b045]
10:59:03.287 1575 [main] INFO  o.h.tool.hbm2ddl.TableMetadata
				- HHH000126: Indexes: [fk_f8fa062ad345491ab0708b4b045, primary]
10:59:03.291 1579 [main] INFO  o.h.tool.hbm2ddl.TableMetadata
				- HHH000261: Table found: testProxibanque4.compteepargne
10:59:03.291 1579 [main] INFO  o.h.tool.hbm2ddl.TableMetadata
				- HHH000037: Columns: [numcompte, tauxremuneration]
10:59:03.291 1579 [main] INFO  o.h.tool.hbm2ddl.TableMetadata
				- HHH000108: Foreign keys: [fk_284001638f524335a7038c6108c]
10:59:03.291 1579 [main] INFO  o.h.tool.hbm2ddl.TableMetadata
				- HHH000126: Indexes: [fk_284001638f524335a7038c6108c, primary]
10:59:03.294 1582 [main] INFO  o.h.tool.hbm2ddl.TableMetadata
				- HHH000261: Table found: testProxibanque4.conseiller
10:59:03.294 1582 [main] INFO  o.h.tool.hbm2ddl.TableMetadata
				- HHH000037: Columns: [password, gerant_id, id, login]
10:59:03.294 1582 [main] INFO  o.h.tool.hbm2ddl.TableMetadata
				- HHH000108: Foreign keys: [fk_85512d6c8d9f4c0f89f8dd413e6, fk_928180b5084c481398bc52cf25f]
10:59:03.295 1583 [main] INFO  o.h.tool.hbm2ddl.TableMetadata
				- HHH000126: Indexes: [fk_85512d6c8d9f4c0f89f8dd413e6, primary, fk_928180b5084c481398bc52cf25f]
10:59:03.298 1586 [main] INFO  o.h.tool.hbm2ddl.TableMetadata
				- HHH000261: Table found: testProxibanque4.gerant
10:59:03.298 1586 [main] INFO  o.h.tool.hbm2ddl.TableMetadata
				- HHH000037: Columns: [password, id, login]
10:59:03.298 1586 [main] INFO  o.h.tool.hbm2ddl.TableMetadata
				- HHH000108: Foreign keys: [fk_e5afcc82eb864525bc80b7215e3]
10:59:03.298 1586 [main] INFO  o.h.tool.hbm2ddl.TableMetadata
				- HHH000126: Indexes: [primary, fk_e5afcc82eb864525bc80b7215e3]
10:59:03.300 1588 [main] INFO  o.h.tool.hbm2ddl.TableMetadata
				- HHH000261: Table found: testProxibanque4.personne
10:59:03.301 1589 [main] INFO  o.h.tool.hbm2ddl.TableMetadata
				- HHH000037: Columns: [id, nom, prenom]
10:59:03.301 1589 [main] INFO  o.h.tool.hbm2ddl.TableMetadata
				- HHH000108: Foreign keys: []
10:59:03.301 1589 [main] INFO  o.h.tool.hbm2ddl.TableMetadata
				- HHH000126: Indexes: [primary]
10:59:03.301 1589 [main] INFO  o.h.tool.hbm2ddl.SchemaUpdate
				- HHH000232: Schema update complete
10:59:03.328 1616 [main] INFO  o.s.o.j.LocalContainerEntityManagerFactoryBean
				- Initialized JPA EntityManagerFactory for persistence unit 'default'
10:59:03.520 1808 [main] INFO  o.p.s.s.PrestiBanqueServiceImplClient
				- Création d'un client assiocié à une compte courant
10:59:03.637 1925 [main] INFO  o.p.s.s.PrestiBanqueServiceImplClient
				- Création d'un client assiocié à une compte courant
10:59:03.919 2207 [main] INFO  o.p.s.s.PrestiBanqueServiceImplEmployee
				- Creation d'une agence
10:59:04.010 2298 [main] INFO  o.p.s.s.PrestiBanqueServiceImplEmployee
				- Creation d'un conseiller
10:59:04.252 2540 [main] INFO  o.s.w.s.m.m.a.RequestMappingHandlerMapping
				- Mapped "{[/clients],methods=[GET],produces=[application/json]}" onto public java.util.List<org.proxibanqueV4.spring.model.Client> org.proxibanqueV4.spring.controller.RestClientController.getAllClients()
10:59:04.253 2541 [main] INFO  o.s.w.s.m.m.a.RequestMappingHandlerMapping
				- Mapped "{[/clients/{idClient}],methods=[GET],produces=[application/json]}" onto public org.proxibanqueV4.spring.model.Client org.proxibanqueV4.spring.controller.RestClientController.selectOneClient(long)
10:59:04.253 2541 [main] INFO  o.s.w.s.m.m.a.RequestMappingHandlerMapping
				- Mapped "{[/clients/],methods=[POST],produces=[application/json]}" onto public void org.proxibanqueV4.spring.controller.RestClientController.addClient(org.proxibanqueV4.spring.model.Client)
10:59:04.253 2541 [main] INFO  o.s.w.s.m.m.a.RequestMappingHandlerMapping
				- Mapped "{[/clients/{idClient}],methods=[DELETE]}" onto public void org.proxibanqueV4.spring.controller.RestClientController.removeClient(long)
10:59:04.253 2541 [main] INFO  o.s.w.s.m.m.a.RequestMappingHandlerMapping
				- Mapped "{[/clients/],methods=[PUT],produces=[application/json]}" onto public void org.proxibanqueV4.spring.controller.RestClientController.modifyClient(org.proxibanqueV4.spring.model.Client)
10:59:04.253 2541 [main] INFO  o.s.w.s.m.m.a.RequestMappingHandlerMapping
				- Mapped "{[/virement/{numCompteDebiteur}/{numCompteCrediteur}/{montant}],methods=[PUT]}" onto public void org.proxibanqueV4.spring.controller.RestClientController.Virement(long,long,double)
10:59:04.253 2541 [main] INFO  o.s.w.s.m.m.a.RequestMappingHandlerMapping
				- Mapped "{[/conseillers/],methods=[GET],produces=[application/json]}" onto public java.util.List<org.proxibanqueV4.spring.model.Conseiller> org.proxibanqueV4.spring.controller.RestClientController.getAllConseillers()
10:59:04.254 2542 [main] INFO  o.s.w.s.m.m.a.RequestMappingHandlerMapping
				- Mapped "{[/clients/{idClient}/compteEpargnes/],methods=[POST],produces=[application/json]}" onto public void org.proxibanqueV4.spring.controller.RestClientController.selectCompteEpargne(long)
10:59:04.274 2562 [main] INFO  o.s.w.s.h.SimpleUrlHandlerMapping
				- Mapped URL path [/resources/**] onto handler of type [class org.springframework.web.servlet.resource.ResourceHttpRequestHandler]
10:59:04.434 2722 [main] INFO  o.s.w.s.m.m.a.RequestMappingHandlerAdapter
				- Looking for @ControllerAdvice: org.springframework.web.context.support.GenericWebApplicationContext@76a4d6c: startup date [Wed May 23 10:59:02 CEST 2018]; root of context hierarchy
10:59:04.893 3181 [main] INFO  o.p.s.s.PrestiBanqueServiceImplCompte
				- Modification des informations contanu dans un compte
10:59:04.903 3191 [Thread-2] INFO  o.s.w.c.s.GenericWebApplicationContext
				- Closing org.springframework.web.context.support.GenericWebApplicationContext@76a4d6c: startup date [Wed May 23 10:59:02 CEST 2018]; root of context hierarchy
10:59:04.905 3193 [Thread-2] INFO  o.s.o.j.LocalContainerEntityManagerFactoryBean
				- Closing JPA EntityManagerFactory for persistence unit 'default'
10:59:11.831 225  [main] INFO  o.s.t.c.w.WebTestContextBootstrapper
				- Loaded default TestExecutionListener class names from location [META-INF/spring.factories]: [org.springframework.test.context.web.ServletTestExecutionListener, org.springframework.test.context.support.DirtiesContextBeforeModesTestExecutionListener, org.springframework.test.context.support.DependencyInjectionTestExecutionListener, org.springframework.test.context.support.DirtiesContextTestExecutionListener, org.springframework.test.context.transaction.TransactionalTestExecutionListener, org.springframework.test.context.jdbc.SqlScriptsTestExecutionListener]
10:59:11.843 237  [main] INFO  o.s.t.c.w.WebTestContextBootstrapper
				- Using TestExecutionListeners: [org.springframework.test.context.web.ServletTestExecutionListener@2f0a87b3, org.springframework.test.context.support.DirtiesContextBeforeModesTestExecutionListener@319b92f3, org.springframework.test.context.support.DependencyInjectionTestExecutionListener@fcd6521, org.springframework.test.context.support.DirtiesContextTestExecutionListener@27d415d9, org.springframework.test.context.transaction.TransactionalTestExecutionListener@5c18298f, org.springframework.test.context.jdbc.SqlScriptsTestExecutionListener@31f924f5]
10:59:26.642 225  [main] INFO  o.s.t.c.w.WebTestContextBootstrapper
				- Loaded default TestExecutionListener class names from location [META-INF/spring.factories]: [org.springframework.test.context.web.ServletTestExecutionListener, org.springframework.test.context.support.DirtiesContextBeforeModesTestExecutionListener, org.springframework.test.context.support.DependencyInjectionTestExecutionListener, org.springframework.test.context.support.DirtiesContextTestExecutionListener, org.springframework.test.context.transaction.TransactionalTestExecutionListener, org.springframework.test.context.jdbc.SqlScriptsTestExecutionListener]
10:59:26.655 238  [main] INFO  o.s.t.c.w.WebTestContextBootstrapper
				- Using TestExecutionListeners: [org.springframework.test.context.web.ServletTestExecutionListener@2f0a87b3, org.springframework.test.context.support.DirtiesContextBeforeModesTestExecutionListener@319b92f3, org.springframework.test.context.support.DependencyInjectionTestExecutionListener@fcd6521, org.springframework.test.context.support.DirtiesContextTestExecutionListener@27d415d9, org.springframework.test.context.transaction.TransactionalTestExecutionListener@5c18298f, org.springframework.test.context.jdbc.SqlScriptsTestExecutionListener@31f924f5]
10:59:26.736 319  [main] INFO  o.s.w.c.s.GenericWebApplicationContext
				- Refreshing org.springframework.web.context.support.GenericWebApplicationContext@76a4d6c: startup date [Wed May 23 10:59:26 CEST 2018]; root of context hierarchy
10:59:27.191 774  [main] INFO  o.s.j.d.DriverManagerDataSource
				- Loaded JDBC driver: com.mysql.jdbc.Driver
10:59:27.242 825  [main] INFO  o.s.o.j.LocalContainerEntityManagerFactoryBean
				- Building JPA container EntityManagerFactory for persistence unit 'default'
10:59:27.331 914  [main] INFO  o.h.annotations.common.Version
				- HCANN000001: Hibernate Commons Annotations {4.0.1.Final}
10:59:27.334 917  [main] INFO  org.hibernate.Version
				- HHH000412: Hibernate Core {4.2.1.Final}
10:59:27.335 918  [main] INFO  org.hibernate.cfg.Environment
				- HHH000206: hibernate.properties not found
10:59:27.336 919  [main] INFO  org.hibernate.cfg.Environment
				- HHH000021: Bytecode provider name : javassist
10:59:27.349 932  [main] INFO  org.hibernate.ejb.Ejb3Configuration
				- HHH000204: Processing PersistenceUnitInfo [
	name: default
	...]
10:59:27.572 1155 [main] INFO  o.h.s.j.c.i.ConnectionProviderInitiator
				- HHH000130: Instantiating explicit connection provider: org.hibernate.ejb.connection.InjectedDataSourceConnectionProvider
10:59:27.788 1371 [main] INFO  org.hibernate.dialect.Dialect
				- HHH000400: Using dialect: org.hibernate.dialect.MySQL5Dialect
10:59:27.794 1377 [main] INFO  o.h.e.j.internal.LobCreatorBuilder
				- HHH000423: Disabling contextual LOB creation as JDBC driver reported JDBC version [3] less than 4
10:59:27.803 1386 [main] INFO  o.h.e.t.i.TransactionFactoryInitiator
				- HHH000268: Transaction strategy: org.hibernate.engine.transaction.internal.jdbc.JdbcTransactionFactory
10:59:27.807 1390 [main] INFO  o.h.h.i.a.ASTQueryTranslatorFactory
				- HHH000397: Using ASTQueryTranslatorFactory
10:59:27.976 1559 [main] INFO  o.h.tool.hbm2ddl.SchemaUpdate
				- HHH000228: Running hbm2ddl schema update
10:59:27.977 1560 [main] INFO  o.h.tool.hbm2ddl.SchemaUpdate
				- HHH000102: Fetching database metadata
10:59:27.985 1568 [main] INFO  o.h.tool.hbm2ddl.SchemaUpdate
				- HHH000396: Updating schema
10:59:28.000 1583 [main] INFO  o.h.tool.hbm2ddl.TableMetadata
				- HHH000261: Table found: testProxibanque4.agence
10:59:28.000 1583 [main] INFO  o.h.tool.hbm2ddl.TableMetadata
				- HHH000037: Columns: [idagence, gerant_id, datecreation]
10:59:28.000 1583 [main] INFO  o.h.tool.hbm2ddl.TableMetadata
				- HHH000108: Foreign keys: [fk_988596ca501440c08618c9f69e6]
10:59:28.001 1584 [main] INFO  o.h.tool.hbm2ddl.TableMetadata
				- HHH000126: Indexes: [fk_988596ca501440c08618c9f69e6, primary]
10:59:28.006 1589 [main] INFO  o.h.tool.hbm2ddl.TableMetadata
				- HHH000261: Table found: testProxibanque4.client
10:59:28.006 1589 [main] INFO  o.h.tool.hbm2ddl.TableMetadata
				- HHH000037: Columns: [ville, rue, numero, conseiller_id, telephone, id, compteepargne_numcompte, comptecourant_numcompte]
10:59:28.006 1589 [main] INFO  o.h.tool.hbm2ddl.TableMetadata
				- HHH000108: Foreign keys: [fk_2fa0217a0f974e8bad365ff5458, fk_9ce65085b9fc469e87a9edf7c3c, fk_820ba187276346a0a237d797e2e, fk_33df6437300149aaba5d3dcfb34]
10:59:28.006 1589 [main] INFO  o.h.tool.hbm2ddl.TableMetadata
				- HHH000126: Indexes: [fk_2fa0217a0f974e8bad365ff5458, fk_9ce65085b9fc469e87a9edf7c3c, fk_820ba187276346a0a237d797e2e, primary, fk_33df6437300149aaba5d3dcfb34]
10:59:28.010 1593 [main] INFO  o.h.tool.hbm2ddl.TableMetadata
				- HHH000261: Table found: testProxibanque4.compte
10:59:28.010 1593 [main] INFO  o.h.tool.hbm2ddl.TableMetadata
				- HHH000037: Columns: [numcompte, dateouverture, solde]
10:59:28.010 1593 [main] INFO  o.h.tool.hbm2ddl.TableMetadata
				- HHH000108: Foreign keys: []
10:59:28.010 1593 [main] INFO  o.h.tool.hbm2ddl.TableMetadata
				- HHH000126: Indexes: [primary]
10:59:28.014 1597 [main] INFO  o.h.tool.hbm2ddl.TableMetadata
				- HHH000261: Table found: testProxibanque4.comptecourant
10:59:28.014 1597 [main] INFO  o.h.tool.hbm2ddl.TableMetadata
				- HHH000037: Columns: [cartevisa, decouvertautorise, numcompte]
10:59:28.014 1597 [main] INFO  o.h.tool.hbm2ddl.TableMetadata
				- HHH000108: Foreign keys: [fk_f8fa062ad345491ab0708b4b045]
10:59:28.014 1597 [main] INFO  o.h.tool.hbm2ddl.TableMetadata
				- HHH000126: Indexes: [fk_f8fa062ad345491ab0708b4b045, primary]
10:59:28.018 1601 [main] INFO  o.h.tool.hbm2ddl.TableMetadata
				- HHH000261: Table found: testProxibanque4.compteepargne
10:59:28.018 1601 [main] INFO  o.h.tool.hbm2ddl.TableMetadata
				- HHH000037: Columns: [numcompte, tauxremuneration]
10:59:28.018 1601 [main] INFO  o.h.tool.hbm2ddl.TableMetadata
				- HHH000108: Foreign keys: [fk_284001638f524335a7038c6108c]
10:59:28.018 1601 [main] INFO  o.h.tool.hbm2ddl.TableMetadata
				- HHH000126: Indexes: [fk_284001638f524335a7038c6108c, primary]
10:59:28.024 1607 [main] INFO  o.h.tool.hbm2ddl.TableMetadata
				- HHH000261: Table found: testProxibanque4.conseiller
10:59:28.024 1607 [main] INFO  o.h.tool.hbm2ddl.TableMetadata
				- HHH000037: Columns: [password, gerant_id, id, login]
10:59:28.024 1607 [main] INFO  o.h.tool.hbm2ddl.TableMetadata
				- HHH000108: Foreign keys: [fk_85512d6c8d9f4c0f89f8dd413e6, fk_928180b5084c481398bc52cf25f]
10:59:28.025 1608 [main] INFO  o.h.tool.hbm2ddl.TableMetadata
				- HHH000126: Indexes: [fk_85512d6c8d9f4c0f89f8dd413e6, primary, fk_928180b5084c481398bc52cf25f]
10:59:28.028 1611 [main] INFO  o.h.tool.hbm2ddl.TableMetadata
				- HHH000261: Table found: testProxibanque4.gerant
10:59:28.029 1612 [main] INFO  o.h.tool.hbm2ddl.TableMetadata
				- HHH000037: Columns: [password, id, login]
10:59:28.029 1612 [main] INFO  o.h.tool.hbm2ddl.TableMetadata
				- HHH000108: Foreign keys: [fk_e5afcc82eb864525bc80b7215e3]
10:59:28.029 1612 [main] INFO  o.h.tool.hbm2ddl.TableMetadata
				- HHH000126: Indexes: [primary, fk_e5afcc82eb864525bc80b7215e3]
10:59:28.033 1616 [main] INFO  o.h.tool.hbm2ddl.TableMetadata
				- HHH000261: Table found: testProxibanque4.personne
10:59:28.033 1616 [main] INFO  o.h.tool.hbm2ddl.TableMetadata
				- HHH000037: Columns: [id, nom, prenom]
10:59:28.033 1616 [main] INFO  o.h.tool.hbm2ddl.TableMetadata
				- HHH000108: Foreign keys: []
10:59:28.033 1616 [main] INFO  o.h.tool.hbm2ddl.TableMetadata
				- HHH000126: Indexes: [primary]
10:59:28.034 1617 [main] INFO  o.h.tool.hbm2ddl.SchemaUpdate
				- HHH000232: Schema update complete
10:59:28.061 1644 [main] INFO  o.s.o.j.LocalContainerEntityManagerFactoryBean
				- Initialized JPA EntityManagerFactory for persistence unit 'default'
10:59:28.247 1830 [main] INFO  o.p.s.s.PrestiBanqueServiceImplClient
				- Création d'un client assiocié à une compte courant
10:59:28.337 1920 [main] INFO  o.p.s.s.PrestiBanqueServiceImplClient
				- Création d'un client assiocié à une compte courant
10:59:28.576 2159 [main] INFO  o.p.s.s.PrestiBanqueServiceImplEmployee
				- Creation d'une agence
10:59:28.759 2342 [main] INFO  o.p.s.s.PrestiBanqueServiceImplEmployee
				- Creation d'un conseiller
10:59:29.031 2614 [main] INFO  o.s.w.s.m.m.a.RequestMappingHandlerMapping
				- Mapped "{[/conseillers/],methods=[GET],produces=[application/json]}" onto public java.util.List<org.proxibanqueV4.spring.model.Conseiller> org.proxibanqueV4.spring.controller.RestClientController.getAllConseillers()
10:59:29.032 2615 [main] INFO  o.s.w.s.m.m.a.RequestMappingHandlerMapping
				- Mapped "{[/clients/{idClient}/compteEpargnes/],methods=[POST],produces=[application/json]}" onto public void org.proxibanqueV4.spring.controller.RestClientController.selectCompteEpargne(long)
10:59:29.032 2615 [main] INFO  o.s.w.s.m.m.a.RequestMappingHandlerMapping
				- Mapped "{[/clients],methods=[GET],produces=[application/json]}" onto public java.util.List<org.proxibanqueV4.spring.model.Client> org.proxibanqueV4.spring.controller.RestClientController.getAllClients()
10:59:29.032 2615 [main] INFO  o.s.w.s.m.m.a.RequestMappingHandlerMapping
				- Mapped "{[/clients/{idClient}],methods=[GET],produces=[application/json]}" onto public org.proxibanqueV4.spring.model.Client org.proxibanqueV4.spring.controller.RestClientController.selectOneClient(long)
10:59:29.032 2615 [main] INFO  o.s.w.s.m.m.a.RequestMappingHandlerMapping
				- Mapped "{[/clients/],methods=[POST],produces=[application/json]}" onto public void org.proxibanqueV4.spring.controller.RestClientController.addClient(org.proxibanqueV4.spring.model.Client)
10:59:29.032 2615 [main] INFO  o.s.w.s.m.m.a.RequestMappingHandlerMapping
				- Mapped "{[/clients/{idClient}],methods=[DELETE]}" onto public void org.proxibanqueV4.spring.controller.RestClientController.removeClient(long)
10:59:29.032 2615 [main] INFO  o.s.w.s.m.m.a.RequestMappingHandlerMapping
				- Mapped "{[/clients/],methods=[PUT],produces=[application/json]}" onto public void org.proxibanqueV4.spring.controller.RestClientController.modifyClient(org.proxibanqueV4.spring.model.Client)
10:59:29.033 2616 [main] INFO  o.s.w.s.m.m.a.RequestMappingHandlerMapping
				- Mapped "{[/virement/{numCompteDebiteur}/{numCompteCrediteur}/{montant}],methods=[PUT]}" onto public void org.proxibanqueV4.spring.controller.RestClientController.Virement(long,long,double)
10:59:29.054 2637 [main] INFO  o.s.w.s.h.SimpleUrlHandlerMapping
				- Mapped URL path [/resources/**] onto handler of type [class org.springframework.web.servlet.resource.ResourceHttpRequestHandler]
10:59:29.227 2810 [main] INFO  o.s.w.s.m.m.a.RequestMappingHandlerAdapter
				- Looking for @ControllerAdvice: org.springframework.web.context.support.GenericWebApplicationContext@76a4d6c: startup date [Wed May 23 10:59:26 CEST 2018]; root of context hierarchy
10:59:29.760 3343 [main] INFO  o.p.s.s.PrestiBanqueServiceImplCompte
				- Afficher un compte
10:59:29.764 3347 [Thread-2] INFO  o.s.w.c.s.GenericWebApplicationContext
				- Closing org.springframework.web.context.support.GenericWebApplicationContext@76a4d6c: startup date [Wed May 23 10:59:26 CEST 2018]; root of context hierarchy
10:59:29.766 3349 [Thread-2] INFO  o.s.o.j.LocalContainerEntityManagerFactoryBean
				- Closing JPA EntityManagerFactory for persistence unit 'default'
